============================= test session starts =============================
platform win32 -- Python 3.10.5, pytest-8.4.2, pluggy-1.6.0
rootdir: C:\Applications\TamuEventsCrawler
plugins: anyio-4.11.0
collected 104 items

tests\test_category_classifier.py ....F........................          [ 27%]
tests\test_deduper.py .......F..........                                 [ 45%]
tests\test_department_mapper.py ....................                     [ 64%]
tests\test_food_detector.py .......................                      [ 86%]
tests\test_normalizer.py ..............                                  [100%]

================================== FAILURES ===================================
C:\Applications\TamuEventsCrawler\tests\test_category_classifier.py:30: assert 0 == 1
C:\Applications\TamuEventsCrawler\tests\test_deduper.py:53: assert 69.56521739130434 >= 70
=========================== short test summary info ===========================
FAILED tests/test_category_classifier.py::TestAcademicCategory::test_hackathon
FAILED tests/test_deduper.py::TestTitleSimilarity::test_very_similar - assert...
======================== 2 failed, 102 passed in 0.87s ========================
